<?xml version="1.0" encoding="UTF-8"?>
<coverage generated="1761355745172" clover="3.2.0">
  <project timestamp="1761355745172" name="All files">
    <metrics statements="51" coveredstatements="27" conditionals="21" coveredconditionals="4" methods="19" coveredmethods="8" elements="91" coveredelements="39" complexity="0" loc="51" ncloc="51" packages="5" files="7" classes="7"/>
    <package name="src">
      <metrics statements="1" coveredstatements="1" conditionals="0" coveredconditionals="0" methods="0" coveredmethods="0"/>
      <file name="axe.config.js" path="C:\Users\PhaseLockedLoop\Documents\GitHub\en-ligne-pour-le-cycle-4\C1_C3_Les-objets-et-les-systèmes-techniques\cybersecurite-4e-v12\src\axe.config.js">
        <metrics statements="1" coveredstatements="1" conditionals="0" coveredconditionals="0" methods="0" coveredmethods="0"/>
        <line num="2" count="1" type="stmt"/>
      </file>
    </package>
    <package name="src.components">
      <metrics statements="13" coveredstatements="12" conditionals="12" coveredconditionals="4" methods="6" coveredmethods="5"/>
      <file name="CCGame.jsx" path="C:\Users\PhaseLockedLoop\Documents\GitHub\en-ligne-pour-le-cycle-4\C1_C3_Les-objets-et-les-systèmes-techniques\cybersecurite-4e-v12\src\components\CCGame.jsx">
        <metrics statements="6" coveredstatements="6" conditionals="0" coveredconditionals="0" methods="2" coveredmethods="2"/>
        <line num="3" count="1" type="stmt"/>
        <line num="4" count="5" type="stmt"/>
        <line num="6" count="5" type="stmt"/>
        <line num="7" count="1" type="stmt"/>
        <line num="8" count="1" type="stmt"/>
        <line num="11" count="5" type="stmt"/>
      </file>
      <file name="Gamification.jsx" path="C:\Users\PhaseLockedLoop\Documents\GitHub\en-ligne-pour-le-cycle-4\C1_C3_Les-objets-et-les-systèmes-techniques\cybersecurite-4e-v12\src\components\Gamification.jsx">
        <metrics statements="5" coveredstatements="4" conditionals="12" coveredconditionals="4" methods="3" coveredmethods="2"/>
        <line num="4" count="1" type="cond" truecount="1" falsecount="3"/>
        <line num="6" count="1" type="cond" truecount="1" falsecount="1"/>
        <line num="12" count="1" type="stmt"/>
        <line num="68" count="2" type="stmt"/>
        <line num="108" count="0" type="stmt"/>
      </file>
      <file name="QCM.jsx" path="C:\Users\PhaseLockedLoop\Documents\GitHub\en-ligne-pour-le-cycle-4\C1_C3_Les-objets-et-les-systèmes-techniques\cybersecurite-4e-v12\src\components\QCM.jsx">
        <metrics statements="2" coveredstatements="2" conditionals="0" coveredconditionals="0" methods="1" coveredmethods="1"/>
        <line num="2" count="1" type="stmt"/>
        <line num="4" count="6" type="stmt"/>
      </file>
    </package>
    <package name="src.components.sections">
      <metrics statements="11" coveredstatements="6" conditionals="2" coveredconditionals="0" methods="4" coveredmethods="1"/>
      <file name="Section6.jsx" path="C:\Users\PhaseLockedLoop\Documents\GitHub\en-ligne-pour-le-cycle-4\C1_C3_Les-objets-et-les-systèmes-techniques\cybersecurite-4e-v12\src\components\sections\Section6.jsx">
        <metrics statements="11" coveredstatements="6" conditionals="2" coveredconditionals="0" methods="4" coveredmethods="1"/>
        <line num="8" count="1" type="stmt"/>
        <line num="9" count="3" type="stmt"/>
        <line num="10" count="3" type="stmt"/>
        <line num="12" count="3" type="stmt"/>
        <line num="13" count="0" type="stmt"/>
        <line num="14" count="0" type="stmt"/>
        <line num="17" count="3" type="stmt"/>
        <line num="18" count="0" type="stmt"/>
        <line num="19" count="0" type="cond" truecount="0" falsecount="2"/>
        <line num="22" count="3" type="stmt"/>
        <line num="51" count="0" type="stmt"/>
      </file>
    </package>
    <package name="src.contexts">
      <metrics statements="11" coveredstatements="8" conditionals="2" coveredconditionals="0" methods="6" coveredmethods="2"/>
      <file name="ScoreContext.jsx" path="C:\Users\PhaseLockedLoop\Documents\GitHub\en-ligne-pour-le-cycle-4\C1_C3_Les-objets-et-les-systèmes-techniques\cybersecurite-4e-v12\src\contexts\ScoreContext.jsx">
        <metrics statements="11" coveredstatements="8" conditionals="2" coveredconditionals="0" methods="6" coveredmethods="2"/>
        <line num="4" count="1" type="stmt"/>
        <line num="7" count="1" type="stmt"/>
        <line num="8" count="2" type="stmt"/>
        <line num="9" count="2" type="stmt"/>
        <line num="12" count="2" type="stmt"/>
        <line num="13" count="0" type="stmt"/>
        <line num="17" count="2" type="stmt"/>
        <line num="18" count="0" type="cond" truecount="0" falsecount="2"/>
        <line num="19" count="0" type="stmt"/>
        <line num="23" count="2" type="stmt"/>
        <line num="31" count="3" type="stmt"/>
      </file>
    </package>
    <package name="src.utils">
      <metrics statements="15" coveredstatements="0" conditionals="5" coveredconditionals="0" methods="3" coveredmethods="0"/>
      <file name="accessibility.js" path="C:\Users\PhaseLockedLoop\Documents\GitHub\en-ligne-pour-le-cycle-4\C1_C3_Les-objets-et-les-systèmes-techniques\cybersecurite-4e-v12\src\utils\accessibility.js">
        <metrics statements="15" coveredstatements="0" conditionals="5" coveredconditionals="0" methods="3" coveredmethods="0"/>
        <line num="10" count="0" type="cond" truecount="0" falsecount="2"/>
        <line num="11" count="0" type="stmt"/>
        <line num="12" count="0" type="stmt"/>
        <line num="15" count="0" type="stmt"/>
        <line num="16" count="0" type="stmt"/>
        <line num="17" count="0" type="stmt"/>
        <line num="18" count="0" type="stmt"/>
        <line num="20" count="0" type="cond" truecount="0" falsecount="2"/>
        <line num="21" count="0" type="stmt"/>
        <line num="22" count="0" type="stmt"/>
        <line num="23" count="0" type="stmt"/>
        <line num="26" count="0" type="stmt"/>
        <line num="29" count="0" type="stmt"/>
        <line num="31" count="0" type="stmt"/>
        <line num="32" count="0" type="stmt"/>
      </file>
    </package>
  </project>
</coverage>
