{"C:\\Users\\PhaseLockedLoop\\Documents\\GitHub\\en-ligne-pour-le-cycle-4\\C1_C3_Les-objets-et-les-systèmes-techniques\\cybersecurite-4e-v12\\src\\axe.config.js": {"path":"C:\\Users\\PhaseLockedLoop\\Documents\\GitHub\\en-ligne-pour-le-cycle-4\\C1_C3_Les-objets-et-les-systèmes-techniques\\cybersecurite-4e-v12\\src\\axe.config.js","statementMap":{"0":{"start":{"line":2,"column":0},"end":{"line":12,"column":2}}},"fnMap":{},"branchMap":{},"s":{"0":1},"f":{},"b":{},"_coverageSchema":"1a1c01bbd47fc00a2c39e90264f33305004495a9","hash":"372b4aae28cafc0810b2af064a2bdb0fd2ae1f96"}
,"C:\\Users\\PhaseLockedLoop\\Documents\\GitHub\\en-ligne-pour-le-cycle-4\\C1_C3_Les-objets-et-les-systèmes-techniques\\cybersecurite-4e-v12\\src\\components\\CCGame.jsx": {"path":"C:\\Users\\PhaseLockedLoop\\Documents\\GitHub\\en-ligne-pour-le-cycle-4\\C1_C3_Les-objets-et-les-systèmes-techniques\\cybersecurite-4e-v12\\src\\components\\CCGame.jsx","statementMap":{"0":{"start":{"line":3,"column":15},"end":{"line":16,"column":1}},"1":{"start":{"line":4,"column":36},"end":{"line":4,"column":51}},"2":{"start":{"line":6,"column":22},"end":{"line":9,"column":3}},"3":{"start":{"line":7,"column":4},"end":{"line":7,"column":23}},"4":{"start":{"line":8,"column":4},"end":{"line":8,"column":18}},"5":{"start":{"line":11,"column":2},"end":{"line":15,"column":4}}},"fnMap":{"0":{"name":"(anonymous_0)","decl":{"start":{"line":3,"column":15},"end":{"line":3,"column":16}},"loc":{"start":{"line":3,"column":35},"end":{"line":16,"column":1}},"line":3},"1":{"name":"(anonymous_1)","decl":{"start":{"line":6,"column":22},"end":{"line":6,"column":23}},"loc":{"start":{"line":6,"column":28},"end":{"line":9,"column":3}},"line":6}},"branchMap":{},"s":{"0":1,"1":5,"2":5,"3":1,"4":1,"5":5},"f":{"0":5,"1":1},"b":{},"_coverageSchema":"1a1c01bbd47fc00a2c39e90264f33305004495a9","hash":"616e1e78f0df2c91cc48a66ef2e587a3b024af19"}
,"C:\\Users\\PhaseLockedLoop\\Documents\\GitHub\\en-ligne-pour-le-cycle-4\\C1_C3_Les-objets-et-les-systèmes-techniques\\cybersecurite-4e-v12\\src\\components\\Gamification.jsx": {"path":"C:\\Users\\PhaseLockedLoop\\Documents\\GitHub\\en-ligne-pour-le-cycle-4\\C1_C3_Les-objets-et-les-systèmes-techniques\\cybersecurite-4e-v12\\src\\components\\Gamification.jsx","statementMap":{"0":{"start":{"line":4,"column":21},"end":{"line":116,"column":1}},"1":{"start":{"line":6,"column":24},"end":{"line":10,"column":8}},"2":{"start":{"line":12,"column":2},"end":{"line":115,"column":4}},"3":{"start":{"line":68,"column":12},"end":{"line":86,"column":19}},"4":{"start":{"line":108,"column":12},"end":{"line":110,"column":18}}},"fnMap":{"0":{"name":"(anonymous_0)","decl":{"start":{"line":4,"column":21},"end":{"line":4,"column":22}},"loc":{"start":{"line":4,"column":79},"end":{"line":116,"column":1}},"line":4},"1":{"name":"(anonymous_1)","decl":{"start":{"line":67,"column":21},"end":{"line":67,"column":22}},"loc":{"start":{"line":68,"column":12},"end":{"line":86,"column":19}},"line":68},"2":{"name":"(anonymous_2)","decl":{"start":{"line":107,"column":29},"end":{"line":107,"column":30}},"loc":{"start":{"line":108,"column":12},"end":{"line":110,"column":18}},"line":108}},"branchMap":{"0":{"loc":{"start":{"line":4,"column":24},"end":{"line":4,"column":35}},"type":"default-arg","locations":[{"start":{"line":4,"column":33},"end":{"line":4,"column":35}}],"line":4},"1":{"loc":{"start":{"line":4,"column":37},"end":{"line":4,"column":46}},"type":"default-arg","locations":[{"start":{"line":4,"column":45},"end":{"line":4,"column":46}}],"line":4},"2":{"loc":{"start":{"line":4,"column":48},"end":{"line":4,"column":57}},"type":"default-arg","locations":[{"start":{"line":4,"column":56},"end":{"line":4,"column":57}}],"line":4},"3":{"loc":{"start":{"line":4,"column":59},"end":{"line":4,"column":72}},"type":"default-arg","locations":[{"start":{"line":4,"column":70},"end":{"line":4,"column":72}}],"line":4},"4":{"loc":{"start":{"line":6,"column":24},"end":{"line":10,"column":8}},"type":"cond-expr","locations":[{"start":{"line":7,"column":6},"end":{"line":7,"column":14}},{"start":{"line":8,"column":6},"end":{"line":10,"column":8}}],"line":6},"5":{"loc":{"start":{"line":8,"column":6},"end":{"line":10,"column":8}},"type":"cond-expr","locations":[{"start":{"line":9,"column":6},"end":{"line":9,"column":43}},{"start":{"line":10,"column":6},"end":{"line":10,"column":8}}],"line":8},"6":{"loc":{"start":{"line":66,"column":9},"end":{"line":92,"column":9}},"type":"cond-expr","locations":[{"start":{"line":67,"column":10},"end":{"line":87,"column":12}},{"start":{"line":89,"column":10},"end":{"line":91,"column":14}}],"line":66},"7":{"loc":{"start":{"line":96,"column":7},"end":{"line":113,"column":7}},"type":"binary-expr","locations":[{"start":{"line":96,"column":7},"end":{"line":96,"column":31}},{"start":{"line":97,"column":8},"end":{"line":112,"column":14}}],"line":96}},"s":{"0":1,"1":1,"2":1,"3":2,"4":0},"f":{"0":1,"1":2,"2":0},"b":{"0":[0],"1":[0],"2":[0],"3":[1],"4":[1,0],"5":[0,0],"6":[1,0],"7":[1,0]},"_coverageSchema":"1a1c01bbd47fc00a2c39e90264f33305004495a9","hash":"63d0254c39b9410c8c9fed9a5badf729b66873dd"}
,"C:\\Users\\PhaseLockedLoop\\Documents\\GitHub\\en-ligne-pour-le-cycle-4\\C1_C3_Les-objets-et-les-systèmes-techniques\\cybersecurite-4e-v12\\src\\components\\QCM.jsx": {"path":"C:\\Users\\PhaseLockedLoop\\Documents\\GitHub\\en-ligne-pour-le-cycle-4\\C1_C3_Les-objets-et-les-systèmes-techniques\\cybersecurite-4e-v12\\src\\components\\QCM.jsx","statementMap":{"0":{"start":{"line":2,"column":12},"end":{"line":5,"column":1}},"1":{"start":{"line":4,"column":2},"end":{"line":4,"column":36}}},"fnMap":{"0":{"name":"(anonymous_0)","decl":{"start":{"line":2,"column":12},"end":{"line":2,"column":13}},"loc":{"start":{"line":2,"column":43},"end":{"line":5,"column":1}},"line":2}},"branchMap":{},"s":{"0":1,"1":6},"f":{"0":6},"b":{},"_coverageSchema":"1a1c01bbd47fc00a2c39e90264f33305004495a9","hash":"bdc822117a2a9ccc54dfeed9fb689a278da2a3dc"}
,"C:\\Users\\PhaseLockedLoop\\Documents\\GitHub\\en-ligne-pour-le-cycle-4\\C1_C3_Les-objets-et-les-systèmes-techniques\\cybersecurite-4e-v12\\src\\components\\sections\\Section6.jsx": {"path":"C:\\Users\\PhaseLockedLoop\\Documents\\GitHub\\en-ligne-pour-le-cycle-4\\C1_C3_Les-objets-et-les-systèmes-techniques\\cybersecurite-4e-v12\\src\\components\\sections\\Section6.jsx","statementMap":{"0":{"start":{"line":8,"column":17},"end":{"line":56,"column":1}},"1":{"start":{"line":9,"column":43},"end":{"line":9,"column":53}},"2":{"start":{"line":10,"column":34},"end":{"line":10,"column":45}},"3":{"start":{"line":12,"column":28},"end":{"line":15,"column":3}},"4":{"start":{"line":13,"column":4},"end":{"line":13,"column":23}},"5":{"start":{"line":14,"column":4},"end":{"line":14,"column":26}},"6":{"start":{"line":17,"column":29},"end":{"line":20,"column":3}},"7":{"start":{"line":18,"column":4},"end":{"line":18,"column":37}},"8":{"start":{"line":19,"column":4},"end":{"line":19,"column":52}},"9":{"start":{"line":19,"column":33},"end":{"line":19,"column":52}},"10":{"start":{"line":22,"column":2},"end":{"line":55,"column":4}},"11":{"start":{"line":51,"column":29},"end":{"line":51,"column":72}}},"fnMap":{"0":{"name":"(anonymous_0)","decl":{"start":{"line":8,"column":17},"end":{"line":8,"column":18}},"loc":{"start":{"line":8,"column":23},"end":{"line":56,"column":1}},"line":8},"1":{"name":"(anonymous_1)","decl":{"start":{"line":12,"column":28},"end":{"line":12,"column":29}},"loc":{"start":{"line":12,"column":39},"end":{"line":15,"column":3}},"line":12},"2":{"name":"(anonymous_2)","decl":{"start":{"line":17,"column":29},"end":{"line":17,"column":30}},"loc":{"start":{"line":17,"column":40},"end":{"line":20,"column":3}},"line":17},"3":{"name":"(anonymous_3)","decl":{"start":{"line":51,"column":23},"end":{"line":51,"column":24}},"loc":{"start":{"line":51,"column":29},"end":{"line":51,"column":72}},"line":51}},"branchMap":{"0":{"loc":{"start":{"line":19,"column":4},"end":{"line":19,"column":52}},"type":"if","locations":[{"start":{"line":19,"column":4},"end":{"line":19,"column":52}},{"start":{},"end":{}}],"line":19}},"s":{"0":1,"1":3,"2":3,"3":3,"4":0,"5":0,"6":3,"7":0,"8":0,"9":0,"10":3,"11":0},"f":{"0":3,"1":0,"2":0,"3":0},"b":{"0":[0,0]},"_coverageSchema":"1a1c01bbd47fc00a2c39e90264f33305004495a9","hash":"7f8257a14e2324b56973f5e5664c6d278b6b1835"}
,"C:\\Users\\PhaseLockedLoop\\Documents\\GitHub\\en-ligne-pour-le-cycle-4\\C1_C3_Les-objets-et-les-systèmes-techniques\\cybersecurite-4e-v12\\src\\contexts\\ScoreContext.jsx": {"path":"C:\\Users\\PhaseLockedLoop\\Documents\\GitHub\\en-ligne-pour-le-cycle-4\\C1_C3_Les-objets-et-les-systèmes-techniques\\cybersecurite-4e-v12\\src\\contexts\\ScoreContext.jsx","statementMap":{"0":{"start":{"line":4,"column":28},"end":{"line":4,"column":43}},"1":{"start":{"line":7,"column":29},"end":{"line":28,"column":1}},"2":{"start":{"line":8,"column":30},"end":{"line":8,"column":42}},"3":{"start":{"line":9,"column":52},"end":{"line":9,"column":64}},"4":{"start":{"line":12,"column":22},"end":{"line":14,"column":3}},"5":{"start":{"line":13,"column":4},"end":{"line":13,"column":55}},"6":{"start":{"line":13,"column":23},"end":{"line":13,"column":52}},"7":{"start":{"line":17,"column":26},"end":{"line":21,"column":3}},"8":{"start":{"line":18,"column":4},"end":{"line":20,"column":5}},"9":{"start":{"line":19,"column":6},"end":{"line":19,"column":55}},"10":{"start":{"line":19,"column":35},"end":{"line":19,"column":53}},"11":{"start":{"line":23,"column":2},"end":{"line":27,"column":4}},"12":{"start":{"line":31,"column":24},"end":{"line":31,"column":54}},"13":{"start":{"line":31,"column":30},"end":{"line":31,"column":54}}},"fnMap":{"0":{"name":"(anonymous_0)","decl":{"start":{"line":7,"column":29},"end":{"line":7,"column":30}},"loc":{"start":{"line":7,"column":47},"end":{"line":28,"column":1}},"line":7},"1":{"name":"(anonymous_1)","decl":{"start":{"line":12,"column":22},"end":{"line":12,"column":23}},"loc":{"start":{"line":12,"column":42},"end":{"line":14,"column":3}},"line":12},"2":{"name":"(anonymous_2)","decl":{"start":{"line":13,"column":14},"end":{"line":13,"column":15}},"loc":{"start":{"line":13,"column":23},"end":{"line":13,"column":52}},"line":13},"3":{"name":"(anonymous_3)","decl":{"start":{"line":17,"column":26},"end":{"line":17,"column":27}},"loc":{"start":{"line":17,"column":39},"end":{"line":21,"column":3}},"line":17},"4":{"name":"(anonymous_4)","decl":{"start":{"line":19,"column":27},"end":{"line":19,"column":28}},"loc":{"start":{"line":19,"column":35},"end":{"line":19,"column":53}},"line":19},"5":{"name":"(anonymous_5)","decl":{"start":{"line":31,"column":24},"end":{"line":31,"column":25}},"loc":{"start":{"line":31,"column":30},"end":{"line":31,"column":54}},"line":31}},"branchMap":{"0":{"loc":{"start":{"line":18,"column":4},"end":{"line":20,"column":5}},"type":"if","locations":[{"start":{"line":18,"column":4},"end":{"line":20,"column":5}},{"start":{},"end":{}}],"line":18}},"s":{"0":1,"1":1,"2":2,"3":2,"4":2,"5":0,"6":0,"7":2,"8":0,"9":0,"10":0,"11":2,"12":1,"13":3},"f":{"0":2,"1":0,"2":0,"3":0,"4":0,"5":3},"b":{"0":[0,0]},"_coverageSchema":"1a1c01bbd47fc00a2c39e90264f33305004495a9","hash":"e46d10c0187df0964b520ca46979c8588306ff63"}
,"C:\\Users\\PhaseLockedLoop\\Documents\\GitHub\\en-ligne-pour-le-cycle-4\\C1_C3_Les-objets-et-les-systèmes-techniques\\cybersecurite-4e-v12\\src\\utils\\accessibility.js": {"path":"C:\\Users\\PhaseLockedLoop\\Documents\\GitHub\\en-ligne-pour-le-cycle-4\\C1_C3_Les-objets-et-les-systèmes-techniques\\cybersecurite-4e-v12\\src\\utils\\accessibility.js","statementMap":{"0":{"start":{"line":10,"column":2},"end":{"line":13,"column":3}},"1":{"start":{"line":11,"column":4},"end":{"line":11,"column":62}},"2":{"start":{"line":12,"column":4},"end":{"line":12,"column":16}},"3":{"start":{"line":15,"column":2},"end":{"line":33,"column":3}},"4":{"start":{"line":16,"column":4},"end":{"line":16,"column":68}},"5":{"start":{"line":17,"column":20},"end":{"line":17,"column":53}},"6":{"start":{"line":18,"column":4},"end":{"line":18,"column":52}},"7":{"start":{"line":20,"column":4},"end":{"line":27,"column":5}},"8":{"start":{"line":21,"column":6},"end":{"line":24,"column":9}},"9":{"start":{"line":22,"column":8},"end":{"line":22,"column":52}},"10":{"start":{"line":23,"column":8},"end":{"line":23,"column":50}},"11":{"start":{"line":23,"column":39},"end":{"line":23,"column":47}},"12":{"start":{"line":26,"column":6},"end":{"line":26,"column":64}},"13":{"start":{"line":29,"column":4},"end":{"line":29,"column":19}},"14":{"start":{"line":31,"column":4},"end":{"line":31,"column":66}},"15":{"start":{"line":32,"column":4},"end":{"line":32,"column":16}}},"fnMap":{"0":{"name":"runAxeTest","decl":{"start":{"line":9,"column":22},"end":{"line":9,"column":32}},"loc":{"start":{"line":9,"column":58},"end":{"line":34,"column":1}},"line":9},"1":{"name":"(anonymous_1)","decl":{"start":{"line":21,"column":33},"end":{"line":21,"column":34}},"loc":{"start":{"line":21,"column":38},"end":{"line":24,"column":7}},"line":21},"2":{"name":"(anonymous_2)","decl":{"start":{"line":23,"column":34},"end":{"line":23,"column":35}},"loc":{"start":{"line":23,"column":39},"end":{"line":23,"column":47}},"line":23}},"branchMap":{"0":{"loc":{"start":{"line":9,"column":33},"end":{"line":9,"column":56}},"type":"default-arg","locations":[{"start":{"line":9,"column":43},"end":{"line":9,"column":56}}],"line":9},"1":{"loc":{"start":{"line":10,"column":2},"end":{"line":13,"column":3}},"type":"if","locations":[{"start":{"line":10,"column":2},"end":{"line":13,"column":3}},{"start":{},"end":{}}],"line":10},"2":{"loc":{"start":{"line":20,"column":4},"end":{"line":27,"column":5}},"type":"if","locations":[{"start":{"line":20,"column":4},"end":{"line":27,"column":5}},{"start":{"line":25,"column":11},"end":{"line":27,"column":5}}],"line":20}},"s":{"0":0,"1":0,"2":0,"3":0,"4":0,"5":0,"6":0,"7":0,"8":0,"9":0,"10":0,"11":0,"12":0,"13":0,"14":0,"15":0},"f":{"0":0,"1":0,"2":0},"b":{"0":[0],"1":[0,0],"2":[0,0]},"_coverageSchema":"1a1c01bbd47fc00a2c39e90264f33305004495a9","hash":"a35af39515dd6dc796ec1f39b66384b507e247a8"}
}
